build/app/outputs/mapping/release/mapping.txt
# compiler: R8
# compiler_version: 1.5.64
# min_api: 16
# pg_map_id: d8dfb7e
com.huseyinasccigmail.f_mesajlasma_uygulamasi.Application -> com.huseyinasccigmail.f_mesajlasma_uygulamasi.Application:
    void registerWith(io.flutter.plugin.common.PluginRegistry) -> a
com.huseyinasccigmail.f_mesajlasma_uygulamasi.FirebaseCloudMessagingPluginRegistrant -> com.huseyinasccigmail.f_mesajlasma_uygulamasi.a:
    boolean alreadyRegisteredWith(io.flutter.plugin.common.PluginRegistry) -> a
    void registerWith(io.flutter.plugin.common.PluginRegistry) -> b
com.huseyinasccigmail.f_mesajlasma_uygulamasi.MainActivity -> com.huseyinasccigmail.f_mesajlasma_uygulamasi.MainActivity:
    void configureFlutterEngine(io.flutter.embedding.engine.FlutterEngine) -> b
...
com.google.android.gms.internal.ads.zzdjv -> com.google.android.gms.internal.ads.og1:
    com.google.android.gms.internal.ads.zzdjv zzatu() -> a
com.google.android.gms.internal.ads.zzdjw -> com.google.android.gms.internal.ads.pg1:
    com.google.android.gms.internal.ads.zzdjt zzgyv -> a
    com.google.android.gms.internal.ads.zzdjt zzatv() -> a
com.google.android.gms.internal.ads.zzdjx -> com.google.android.gms.internal.ads.qg1:
    com.google.android.gms.internal.ads.zzdrh zzatw() -> a
com.google.android.gms.internal.ads.zzdjy -> com.google.android.gms.internal.ads.rg1:
    com.google.android.gms.internal.ads.zzdjv zzgyw -> a
    com.google.android.gms.internal.ads.zzdjv zzatx() -> a
com.google.android.gms.internal.ads.zzdjz -> com.google.android.gms.internal.ads.sg1:
    com.google.android.gms.internal.ads.zzdjz zzaty() -> a
com.google.android.gms.internal.ads.zzdk -> com.google.android.gms.internal.ads.tg1:
    com.google.android.gms.internal.ads.zzdh zzvv -> a
com.google.android.gms.internal.ads.zzdka -> com.google.android.gms.internal.ads.ug1:
    com.google.android.gms.internal.ads.zzehm zzgyx -> a
com.google.android.gms.internal.ads.zzdkb -> com.google.android.gms.internal.ads.vg1:
    java.lang.Object apply(java.lang.Object) -> a
com.google.android.gms.internal.ads.zzdkc -> com.google.android.gms.internal.ads.wg1:
    com.google.android.gms.internal.ads.zzdjz zzgyy -> a
    com.google.android.gms.internal.ads.zzdjz zzatz() -> a
com.google.android.gms.internal.ads.zzdkd -> com.google.android.gms.internal.ads.xg1:
    com.google.android.gms.internal.ads.zzdri zzgzb -> c
    java.lang.Object zzgyz -> a
    java.lang.String zzgza -> b
    void addListener(java.lang.Runnable,java.util.concurrent.Executor) -> a
    java.lang.Object zzaua() -> a
    java.lang.String zzaub() -> b
com.google.android.gms.internal.ads.zzdke -> com.google.android.gms.internal.ads.yg1:
com.google.android.gms.internal.ads.zzdkf -> com.google.android.gms.internal.ads.zg1:
com.google.android.gms.internal.ads.zzdkg -> com.google.android.gms.internal.ads.ah1:
    com.google.android.gms.internal.ads.zzdrh zzfur -> a
    com.google.android.gms.internal.ads.zzdks zzgzd -> c
    com.google.android.gms.internal.ads.zzdri zzgzc -> d
    java.util.concurrent.ScheduledExecutorService zzfif -> b
    com.google.android.gms.internal.ads.zzdki zza(java.lang.Object,com.google.android.gms.internal.ads.zzdri[]) -> a
    com.google.android.gms.internal.ads.zzdkm zza(java.lang.Object,com.google.android.gms.internal.ads.zzdri) -> a
    com.google.android.gms.internal.ads.zzdrh zza(com.google.android.gms.internal.ads.zzdkg) -> a
    com.google.android.gms.internal.ads.zzdri zzauc() -> a
    com.google.android.gms.internal.ads.zzdkk zzu(java.lang.Object) -> a
    java.util.concurrent.ScheduledExecutorService zzb(com.google.android.gms.internal.ads.zzdkg) -> b
    java.lang.String zzv(java.lang.Object) -> b
    com.google.android.gms.internal.ads.zzdks zzc(com.google.android.gms.internal.ads.zzdkg) -> c
com.google.android.gms.internal.ads.zzdkh -> com.google.android.gms.internal.ads.bh1:
    java.util.concurrent.Callable zzgnf -> a
com.google.android.gms.internal.ads.zzdki -> com.google.android.gms.internal.ads.ch1:
    java.util.List zzgze -> b
    java.lang.Object zzgyz -> a
    com.google.android.gms.internal.ads.zzdkg zzgzf -> c
    com.google.android.gms.internal.ads.zzdkm zzb(java.util.concurrent.Callable) -> a
com.google.android.gms.internal.ads.zzdkj -> com.google.android.gms.internal.ads.dh1:
    com.google.android.gms.internal.ads.zzdke zzgzg -> a